<?xml version="1.0" encoding="UTF-8"?>
<!-- Generated by org.testng.reporters.JUnitReportReporter -->
<testsuite skipped="0" hostname="BDC4-D-5SR1RG2" name="Day2_Training.multi_windows$Testcase1" tests="1" failures="0" timestamp="18 Sep 2018 07:19:44 GMT" time="32.967" errors="0">
  <testcase name="testcase2" time="32.967" classname="Day2_Training.multi_windows$Testcase1"/>
</testsuite> <!-- Day2_Training.multi_windows$Testcase1 -->
