<?xml version="1.0" encoding="UTF-8"?>
<!-- Generated by org.testng.reporters.JUnitReportReporter -->
<testsuite skipped="0" hostname="BDC4-D-5SR1RG2" name="programone_Testng.dataprovide_example" tests="2" failures="0" timestamp="17 Sep 2018 09:22:51 GMT" time="0.032" errors="0">
  <testcase name="testcase" time="0.026" classname="programone_Testng.dataprovide_example"/>
  <testcase name="testcase" time="0.006" classname="programone_Testng.dataprovide_example"/>
</testsuite> <!-- programone_Testng.dataprovide_example -->
