<?xml version="1.0" encoding="UTF-8"?>
<!-- Generated by org.testng.reporters.JUnitReportReporter -->
<testsuite skipped="0" hostname="BDC4-D-5SR1RG2" name="driverpack.Flipkart$Testcase1" tests="1" failures="0" timestamp="17 Sep 2018 11:29:55 GMT" time="54.651" errors="0">
  <testcase name="openbrowser" time="54.651" classname="driverpack.Flipkart$Testcase1"/>
</testsuite> <!-- driverpack.Flipkart$Testcase1 -->
