<?xml version="1.0" encoding="UTF-8"?>
<!-- Generated by org.testng.reporters.JUnitReportReporter -->
<testsuite skipped="0" hostname="BDC4-D-5SR1RG2" name="day_3_training.Cookies$Testcase1" tests="1" failures="0" timestamp="19 Sep 2018 05:18:03 GMT" time="69.400" errors="0">
  <testcase name="addCookie" time="69.400" classname="day_3_training.Cookies$Testcase1"/>
</testsuite> <!-- day_3_training.Cookies$Testcase1 -->
