<?xml version="1.0" encoding="UTF-8"?>
<!-- Generated by org.testng.reporters.JUnitReportReporter -->
<testsuite skipped="1" hostname="BDC4-D-5SR1RG2" name="programone_Testng.BasicAnnotations" tests="2" failures="0" timestamp="17 Sep 2018 09:22:51 GMT" time="0.011" errors="0">
  <testcase name="testcase2" time="0.011" classname="programone_Testng.BasicAnnotations"/>
  <testcase name="testcase" classname="programone_Testng.BasicAnnotations">
    <skipped/>
  </testcase> <!-- testcase -->
</testsuite> <!-- programone_Testng.BasicAnnotations -->
