<?xml version="1.0" encoding="UTF-8"?>
<!-- Generated by org.testng.reporters.JUnitReportReporter -->
<testsuite skipped="0" hostname="BDC4-D-5SR1RG2" name="mouse_hover$Testcase1" tests="1" failures="0" timestamp="18 Sep 2018 09:22:24 GMT" time="64.562" errors="0">
  <testcase name="testcase2" time="64.562" classname="mouse_hover$Testcase1"/>
</testsuite> <!-- mouse_hover$Testcase1 -->
